[0.007s] Invoking command in '/home/lsz/ros2_ins_ws/build/ins_listener': CMAKE_PREFIX_PATH=/opt/ros/humble /usr/bin/cmake --build /home/lsz/ros2_ins_ws/build/ins_listener -- -j8 -l8
[0.022s] -- Found ament_cmake: 1.3.11 (/opt/ros/humble/share/ament_cmake/cmake)
[0.103s] -- Found rclcpp: 16.0.12 (/opt/ros/humble/share/rclcpp/cmake)
[0.121s] -- Found rosidl_generator_c: 3.1.6 (/opt/ros/humble/share/rosidl_generator_c/cmake)
[0.123s] -- Found rosidl_adapter: 3.1.6 (/opt/ros/humble/share/rosidl_adapter/cmake)
[0.126s] -- Found rosidl_generator_cpp: 3.1.6 (/opt/ros/humble/share/rosidl_generator_cpp/cmake)
[0.133s] -- Using all available rosidl_typesupport_c: rosidl_typesupport_fastrtps_c;rosidl_typesupport_introspection_c
[0.140s] -- Using all available rosidl_typesupport_cpp: rosidl_typesupport_fastrtps_cpp;rosidl_typesupport_introspection_cpp
[0.162s] -- Found rmw_implementation_cmake: 6.1.2 (/opt/ros/humble/share/rmw_implementation_cmake/cmake)
[0.163s] -- Found rmw_fastrtps_cpp: 6.2.7 (/opt/ros/humble/share/rmw_fastrtps_cpp/cmake)
[0.228s] -- Using RMW implementation 'rmw_fastrtps_cpp' as default
[0.258s] -- Found sensor_msgs: 4.8.0 (/opt/ros/humble/share/sensor_msgs/cmake)
[0.276s] -- Found tf2: 0.25.12 (/opt/ros/humble/share/tf2/cmake)
[0.278s] -- Found tf2_ros: 0.25.12 (/opt/ros/humble/share/tf2_ros/cmake)
[0.333s] -- Found ament_lint_auto: 0.12.12 (/opt/ros/humble/share/ament_lint_auto/cmake)
[0.383s] -- Added test 'cppcheck' to perform static code analysis on C / C++ code
[0.383s] -- Configured cppcheck include dirs: 
[0.383s] -- Configured cppcheck exclude dirs and/or files: 
[0.383s] -- Added test 'lint_cmake' to check CMake code style
[0.384s] -- Added test 'uncrustify' to check C / C++ code style
[0.384s] -- Configured uncrustify additional arguments: 
[0.384s] -- Added test 'xmllint' to check XML markup files
[0.385s] -- Configuring done
[0.394s] -- Generating done
[0.398s] -- Build files have been written to: /home/lsz/ros2_ins_ws/build/ins_listener
[0.417s] [35m[1mConsolidate compiler generated dependencies of target gps_subscriber[0m
[0.417s] [35m[1mConsolidate compiler generated dependencies of target gps_converter_node[0m
[0.429s] [ 50%] [32mBuilding CXX object CMakeFiles/gps_subscriber.dir/src/gps_subscriber.cpp.o[0m
[0.429s] [ 50%] [32mBuilding CXX object CMakeFiles/gps_converter_node.dir/src/gps_converter_node.cpp.o[0m
[0.572s] [01m[K/home/lsz/ros2_ins_ws/src/ins_listener/src/gps_converter_node.cpp:8:10:[m[K [01;31m[Kfatal error: [m[KEigen/Dense: æ²¡æœ‰é‚£ä¸ªæ–‡ä»¶æˆ–ç›®å½•
[0.572s]     8 | #include [01;31m[K<Eigen/Dense>[m[K
[0.572s]       |          [01;31m[K^~~~~~~~~~~~~[m[K
[0.572s] compilation terminated.
[0.574s] gmake[2]: *** [CMakeFiles/gps_converter_node.dir/build.make:76ï¼šCMakeFiles/gps_converter_node.dir/src/gps_converter_node.cpp.o] é”™è¯¯ 1
[0.574s] gmake[1]: *** [CMakeFiles/Makefile2:165ï¼šCMakeFiles/gps_converter_node.dir/all] é”™è¯¯ 2
[0.574s] gmake[1]: *** æ­£åœ¨ç­‰å¾…æœªå®Œæˆçš„ä»»åŠ¡....
[5.873s] [ 75%] [32m[1mLinking CXX executable gps_subscriber[0m
[6.132s] [ 75%] Built target gps_subscriber
[6.132s] gmake: *** [Makefile:146ï¼šall] é”™è¯¯ 2
[6.134s] Invoked command in '/home/lsz/ros2_ins_ws/build/ins_listener' returned '2': CMAKE_PREFIX_PATH=/opt/ros/humble /usr/bin/cmake --build /home/lsz/ros2_ins_ws/build/ins_listener -- -j8 -l8
